<?xml version="1.0" encoding="UTF-8"?>
<!-- Generated by org.testng.reporters.JUnitReportReporter -->
<testsuite hostname="QT-INBG-LT0257" failures="0" tests="9" name="mobileworld.AllMobilesTest" time="16.507" errors="0" timestamp="2022-09-19T16:57:01 IST" skipped="0">
  <testcase classname="mobileworld.AllMobilesTest" name="OpeningBrowser" time="6.145"/>
  <system-out/>
  <testcase classname="mobileworld.AllMobilesTest" name="allMobilespage" time="0.560"/>
  <system-out/>
  <testcase classname="mobileworld.AllMobilesTest" name="searchingLenovomobiles" time="1.417"/>
  <system-out/>
  <testcase classname="mobileworld.AllMobilesTest" name="searchingSamsungmubiles" time="1.276"/>
  <system-out/>
  <testcase classname="mobileworld.AllMobilesTest" name="wrongApple" time="1.168"/>
  <system-out/>
  <testcase classname="mobileworld.AllMobilesTest" name="wrongSamsung" time="1.120"/>
  <system-out/>
  <testcase classname="mobileworld.AllMobilesTest" name="twoCharacter" time="1.126"/>
  <system-out/>
  <testcase classname="mobileworld.AllMobilesTest" name="InvalidMob" time="1.109"/>
  <system-out/>
  <testcase classname="mobileworld.AllMobilesTest" name="order" time="2.586"/>
  <system-out/>
</testsuite> <!-- mobileworld.AllMobilesTest -->
