<?xml version="1.0" encoding="UTF-8"?>
<!-- Generated by org.testng.reporters.JUnitReportReporter -->
<testsuite hostname="QT-INBG-LT0257" failures="0" tests="1" name="mobileworld.signin" time="8.513" errors="0" timestamp="2022-09-19T17:13:04 IST" skipped="0">
  <testcase classname="mobileworld.signin" name="sign" time="8.513"/>
  <system-out/>
</testsuite> <!-- mobileworld.signin -->
