<?xml version="1.0" encoding="UTF-8"?>
<!-- Generated by org.testng.reporters.JUnitReportReporter -->
<testsuite hostname="QT-INBG-LT0257" failures="0" tests="1" name="mobileworld.Sign_Up" time="9.718" errors="0" timestamp="2022-09-19T17:13:04 IST" skipped="0">
  <testcase classname="mobileworld.Sign_Up" name="sign" time="9.718"/>
  <system-out/>
</testsuite> <!-- mobileworld.Sign_Up -->
